#-----------------------------------------------------------
# Vivado v2019.2 (64-bit)
# SW Build 2708876 on Wed Nov  6 21:40:23 MST 2019
# IP Build 2700528 on Thu Nov  7 00:09:20 MST 2019
# Start of session at: Mon Feb  6 14:07:28 2023
# Process ID: 24408
# Current directory: E:/ILOVEHIT/THIRD/subjects/computer-architecture/lab2/version2_signle_cycle_cpu/lab_2
# Command line: vivado.exe -gui_launcher_event rodinguilauncherevent12752 E:\ILOVEHIT\THIRD\subjects\computer-architecture\lab2\version2_signle_cycle_cpu\lab_2\lab_2.xpr
# Log file: E:/ILOVEHIT/THIRD/subjects/computer-architecture/lab2/version2_signle_cycle_cpu/lab_2/vivado.log
# Journal file: E:/ILOVEHIT/THIRD/subjects/computer-architecture/lab2/version2_signle_cycle_cpu/lab_2\vivado.jou
#-----------------------------------------------------------
start_gui
open_project E:/ILOVEHIT/THIRD/subjects/computer-architecture/lab2/version2_signle_cycle_cpu/lab_2/lab_2.xpr
INFO: [ProjectBase 1-489] The host OS only allows 260 characters in a normal path. The project is stored in a path with more than 80 characters. If you experience issues with IP, Block Designs, or files not being found, please consider moving the project to a location with a shorter path. Alternately consider using the OS subst command to map part of the path to a drive letter.
Current project path is 'E:/ILOVEHIT/THIRD/subjects/computer-architecture/lab2/version2_signle_cycle_cpu/lab_2'
INFO: [Project 1-313] Project file moved from 'F:/my_learning/lab2/lab_2' since last save.
Scanning sources...
Finished scanning sources
INFO: [IP_Flow 19-234] Refreshing IP repositories
INFO: [IP_Flow 19-1704] No user IP repositories specified
INFO: [IP_Flow 19-2313] Loaded Vivado IP repository 'C:/Xilinx/Vivado/2019.2/data/ip'.
open_project: Time (s): cpu = 00:00:04 ; elapsed = 00:00:06 . Memory (MB): peak = 1015.156 ; gain = 131.418
update_compile_order -fileset sources_1
exit
INFO: [Common 17-206] Exiting Vivado at Mon Feb  6 14:08:34 2023...
